<?xml version="1.0" encoding="UTF-8"?>
<testng-results ignored="0" total="0" passed="0" failed="0" skipped="0">
  <reporter-output>
  </reporter-output>
  <suite started-at="2023-01-19T11:53:39 IST" name="org.example.AppTest" finished-at="2023-01-19T11:53:39 IST" duration-ms="21">
    <groups>
    </groups>
    <test started-at="2023-01-19T11:53:39 IST" name="Command line test" finished-at="2023-01-19T11:53:39 IST" duration-ms="21">
    </test> <!-- Command line test -->
  </suite> <!-- org.example.AppTest -->
</testng-results>
